d:\qtproject\qtvisual\mastering-qt-5-second-editon-master\chapter05\gallery-core\debug\moc_albummodel.obj
d:\qtproject\qtvisual\mastering-qt-5-second-editon-master\chapter05\gallery-core\debug\moc_picturemodel.obj
d:\qtproject\qtvisual\mastering-qt-5-second-editon-master\chapter05\gallery-core\debug\album.obj
d:\qtproject\qtvisual\mastering-qt-5-second-editon-master\chapter05\gallery-core\debug\picturemodel.obj
d:\qtproject\qtvisual\mastering-qt-5-second-editon-master\chapter05\gallery-core\debug\albumdao.obj
d:\qtproject\qtvisual\mastering-qt-5-second-editon-master\chapter05\gallery-core\debug\picturedao.obj
d:\qtproject\qtvisual\mastering-qt-5-second-editon-master\chapter05\gallery-core\debug\databasemanager.obj
d:\qtproject\qtvisual\mastering-qt-5-second-editon-master\chapter05\gallery-core\debug\picture.obj
d:\qtproject\qtvisual\mastering-qt-5-second-editon-master\chapter05\gallery-core\debug\albummodel.obj
d:\qtproject\qtvisual\mastering-qt-5-second-editon-master\chapter05\gallery-core\debug\vc143.pdb
d:\qtproject\qtvisual\mastering-qt-5-second-editon-master\chapter05\gallery-core\debug\moc_albummodel.cpp
d:\qtproject\qtvisual\mastering-qt-5-second-editon-master\chapter05\gallery-core\debug\moc_picturemodel.cpp
d:\qtproject\qtvisual\mastering-qt-5-second-editon-master\chapter05\bin\x64\debug\gallery-core.dll
d:\qtproject\qtvisual\mastering-qt-5-second-editon-master\chapter05\bin\x64\debug\gallery-core.pdb
d:\qtproject\qtvisual\mastering-qt-5-second-editon-master\chapter05\bin\x64\debug\gallery-core.lib
d:\qtproject\qtvisual\mastering-qt-5-second-editon-master\chapter05\bin\x64\debug\gallery-core.exp
d:\qtproject\qtvisual\mastering-qt-5-second-editon-master\chapter05\bin\x64\debug\gallery-core.ilk
d:\qtproject\qtvisual\mastering-qt-5-second-editon-master\chapter05\gallery-core\debug\gallery-core.tlog\cl.30264.write.1.tlog
d:\qtproject\qtvisual\mastering-qt-5-second-editon-master\chapter05\gallery-core\debug\gallery-core.tlog\cl.command.1.tlog
d:\qtproject\qtvisual\mastering-qt-5-second-editon-master\chapter05\gallery-core\debug\gallery-core.tlog\cl.items.tlog
d:\qtproject\qtvisual\mastering-qt-5-second-editon-master\chapter05\gallery-core\debug\gallery-core.tlog\cl.read.1.tlog
d:\qtproject\qtvisual\mastering-qt-5-second-editon-master\chapter05\gallery-core\debug\gallery-core.tlog\gallery-core.write.1u.tlog
d:\qtproject\qtvisual\mastering-qt-5-second-editon-master\chapter05\gallery-core\debug\gallery-core.tlog\link.command.1.tlog
d:\qtproject\qtvisual\mastering-qt-5-second-editon-master\chapter05\gallery-core\debug\gallery-core.tlog\link.read.1.tlog
d:\qtproject\qtvisual\mastering-qt-5-second-editon-master\chapter05\gallery-core\debug\gallery-core.tlog\link.secondary.1.tlog
d:\qtproject\qtvisual\mastering-qt-5-second-editon-master\chapter05\gallery-core\debug\gallery-core.tlog\link.write.1.tlog
d:\qtproject\qtvisual\mastering-qt-5-second-editon-master\chapter05\gallery-core\debug\gallery-core.tlog\moc.read.1u.tlog
d:\qtproject\qtvisual\mastering-qt-5-second-editon-master\chapter05\gallery-core\debug\gallery-core.tlog\moc.write.1u.tlog
